<?xml version="1.0" encoding="UTF-8"?>
<!-- Generated by org.testng.reporters.JUnitReportReporter -->
<testsuite hostname="S-SUMAN02" name="com.learning.selenium.HelloWorldTest" tests="1" failures="0" timestamp="21 May 2019 10:36:45 GMT" time="24.747" errors="0">
  <testcase name="Login" time="24.747" classname="com.learning.selenium.HelloWorldTest"/>
</testsuite> <!-- com.learning.selenium.HelloWorldTest -->
